<?xml version="1.0" encoding="UTF-8"?>
<!-- Generated by org.testng.reporters.JUnitXMLReporter -->
<testsuite hostname="windows7-PC" ignored="0" name="Default test" tests="9" failures="0" timestamp="2021-08-27T15:39:30 IST" time="0.121" errors="0">
  <testcase name="ParallelTest1" time="0.004" classname="testngpractice.ParallelTest_01"/>
  <testcase name="ParallelTest1" time="0.01" classname="testngpractice.ParallelTest_01"/>
  <testcase name="ParallelTest1" time="0.014" classname="testngpractice.ParallelTest_01"/>
  <testcase name="ParallelTest1" time="0.018" classname="testngpractice.ParallelTest_01"/>
  <testcase name="ParallelTest1" time="0.003" classname="testngpractice.ParallelTest_01"/>
  <testcase name="ParallelTest1" time="0.002" classname="testngpractice.ParallelTest_01"/>
  <testcase name="ParallelTest1" time="0.002" classname="testngpractice.ParallelTest_01"/>
  <testcase name="ParallelTest1" time="0.032" classname="testngpractice.ParallelTest_01"/>
  <testcase name="ParallelTest1" time="0.01" classname="testngpractice.ParallelTest_01"/>
</testsuite> <!-- Default test -->
