<?xml version="1.0" encoding="UTF-8"?>
<testng-results skipped="0" failed="0" ignored="0" total="9" passed="9">
  <reporter-output>
    <line>
      <![CDATA[open browser 1]]>
    </line>
    <line>
      <![CDATA[login 1]]>
    </line>
    <line>
      <![CDATA[login 1]]>
    </line>
    <line>
      <![CDATA[login 1]]>
    </line>
    <line>
      <![CDATA[login 1]]>
    </line>
    <line>
      <![CDATA[login 1]]>
    </line>
    <line>
      <![CDATA[ParallelTest_01]]>
    </line>
    <line>
      <![CDATA[ParallelTest_01]]>
    </line>
    <line>
      <![CDATA[ParallelTest_01]]>
    </line>
    <line>
      <![CDATA[logout 1]]>
    </line>
    <line>
      <![CDATA[login 1]]>
    </line>
    <line>
      <![CDATA[ParallelTest_01]]>
    </line>
    <line>
      <![CDATA[ParallelTest_01]]>
    </line>
    <line>
      <![CDATA[logout 1]]>
    </line>
    <line>
      <![CDATA[login 1]]>
    </line>
    <line>
      <![CDATA[ParallelTest_01]]>
    </line>
    <line>
      <![CDATA[logout 1]]>
    </line>
    <line>
      <![CDATA[login 1]]>
    </line>
    <line>
      <![CDATA[ParallelTest_01]]>
    </line>
    <line>
      <![CDATA[ParallelTest_01]]>
    </line>
    <line>
      <![CDATA[logout 1]]>
    </line>
    <line>
      <![CDATA[login 1]]>
    </line>
    <line>
      <![CDATA[logout 1]]>
    </line>
    <line>
      <![CDATA[logout 1]]>
    </line>
    <line>
      <![CDATA[logout 1]]>
    </line>
    <line>
      <![CDATA[ParallelTest_01]]>
    </line>
    <line>
      <![CDATA[logout 1]]>
    </line>
    <line>
      <![CDATA[logout 1]]>
    </line>
    <line>
      <![CDATA[close browser 1]]>
    </line>
  </reporter-output>
  <suite name="Default suite" duration-ms="121" started-at="2021-08-27T15:39:29 IST" finished-at="2021-08-27T15:39:30 IST">
    <groups>
    </groups>
    <test name="Default test" duration-ms="121" started-at="2021-08-27T15:39:29 IST" finished-at="2021-08-27T15:39:30 IST">
      <class name="testngpractice.ParallelTest_01">
        <test-method status="PASS" signature="openBrowser()[pri:0, instance:testngpractice.ParallelTest_01@4b1c1ea0]" name="openBrowser" is-config="true" duration-ms="11" started-at="2021-08-27T15:39:29 IST" finished-at="2021-08-27T15:39:29 IST">
          <reporter-output>
            <line>
              <![CDATA[open browser 1]]>
            </line>
          </reporter-output>
        </test-method> <!-- openBrowser -->
        <test-method status="PASS" signature="loginApplication()[pri:0, instance:testngpractice.ParallelTest_01@4b1c1ea0]" name="loginApplication" is-config="true" duration-ms="0" started-at="2021-08-27T15:39:29 IST" finished-at="2021-08-27T15:39:29 IST">
          <reporter-output>
            <line>
              <![CDATA[login 1]]>
            </line>
          </reporter-output>
        </test-method> <!-- loginApplication -->
        <test-method status="PASS" signature="loginApplication()[pri:0, instance:testngpractice.ParallelTest_01@4b1c1ea0]" name="loginApplication" is-config="true" duration-ms="2" started-at="2021-08-27T15:39:29 IST" finished-at="2021-08-27T15:39:29 IST">
          <reporter-output>
            <line>
              <![CDATA[login 1]]>
            </line>
          </reporter-output>
        </test-method> <!-- loginApplication -->
        <test-method status="PASS" signature="loginApplication()[pri:0, instance:testngpractice.ParallelTest_01@4b1c1ea0]" name="loginApplication" is-config="true" duration-ms="3" started-at="2021-08-27T15:39:29 IST" finished-at="2021-08-27T15:39:29 IST">
          <reporter-output>
            <line>
              <![CDATA[login 1]]>
            </line>
          </reporter-output>
        </test-method> <!-- loginApplication -->
        <test-method status="PASS" signature="loginApplication()[pri:0, instance:testngpractice.ParallelTest_01@4b1c1ea0]" name="loginApplication" is-config="true" duration-ms="0" started-at="2021-08-27T15:39:29 IST" finished-at="2021-08-27T15:39:29 IST">
          <reporter-output>
            <line>
              <![CDATA[login 1]]>
            </line>
          </reporter-output>
        </test-method> <!-- loginApplication -->
        <test-method status="PASS" signature="ParallelTest1()[pri:0, instance:testngpractice.ParallelTest_01@4b1c1ea0]" name="ParallelTest1" duration-ms="10" started-at="2021-08-27T15:39:29 IST" finished-at="2021-08-27T15:39:29 IST">
          <reporter-output>
            <line>
              <![CDATA[ParallelTest_01]]>
            </line>
          </reporter-output>
        </test-method> <!-- ParallelTest1 -->
        <test-method status="PASS" signature="ParallelTest1()[pri:0, instance:testngpractice.ParallelTest_01@4b1c1ea0]" name="ParallelTest1" duration-ms="14" started-at="2021-08-27T15:39:29 IST" finished-at="2021-08-27T15:39:29 IST">
          <reporter-output>
            <line>
              <![CDATA[ParallelTest_01]]>
            </line>
          </reporter-output>
        </test-method> <!-- ParallelTest1 -->
        <test-method status="PASS" signature="ParallelTest1()[pri:0, instance:testngpractice.ParallelTest_01@4b1c1ea0]" name="ParallelTest1" duration-ms="18" started-at="2021-08-27T15:39:29 IST" finished-at="2021-08-27T15:39:29 IST">
          <reporter-output>
            <line>
              <![CDATA[ParallelTest_01]]>
            </line>
          </reporter-output>
        </test-method> <!-- ParallelTest1 -->
        <test-method status="PASS" signature="ParallelTest1()[pri:0, instance:testngpractice.ParallelTest_01@4b1c1ea0]" name="ParallelTest1" duration-ms="32" started-at="2021-08-27T15:39:29 IST" finished-at="2021-08-27T15:39:29 IST">
          <reporter-output>
            <line>
              <![CDATA[ParallelTest_01]]>
            </line>
          </reporter-output>
        </test-method> <!-- ParallelTest1 -->
        <test-method status="PASS" signature="loginApplication()[pri:0, instance:testngpractice.ParallelTest_01@4b1c1ea0]" name="loginApplication" is-config="true" duration-ms="0" started-at="2021-08-27T15:39:29 IST" finished-at="2021-08-27T15:39:29 IST">
          <reporter-output>
            <line>
              <![CDATA[login 1]]>
            </line>
          </reporter-output>
        </test-method> <!-- loginApplication -->
        <test-method status="PASS" signature="ParallelTest1()[pri:0, instance:testngpractice.ParallelTest_01@4b1c1ea0]" name="ParallelTest1" duration-ms="4" started-at="2021-08-27T15:39:29 IST" finished-at="2021-08-27T15:39:29 IST">
          <reporter-output>
            <line>
              <![CDATA[ParallelTest_01]]>
            </line>
          </reporter-output>
        </test-method> <!-- ParallelTest1 -->
        <test-method status="PASS" signature="logoutApplication()[pri:0, instance:testngpractice.ParallelTest_01@4b1c1ea0]" name="logoutApplication" is-config="true" duration-ms="1" started-at="2021-08-27T15:39:29 IST" finished-at="2021-08-27T15:39:29 IST">
          <reporter-output>
            <line>
              <![CDATA[logout 1]]>
            </line>
          </reporter-output>
        </test-method> <!-- logoutApplication -->
        <test-method status="PASS" signature="loginApplication()[pri:0, instance:testngpractice.ParallelTest_01@4b1c1ea0]" name="loginApplication" is-config="true" duration-ms="0" started-at="2021-08-27T15:39:29 IST" finished-at="2021-08-27T15:39:29 IST">
          <reporter-output>
            <line>
              <![CDATA[login 1]]>
            </line>
          </reporter-output>
        </test-method> <!-- loginApplication -->
        <test-method status="PASS" signature="ParallelTest1()[pri:0, instance:testngpractice.ParallelTest_01@4b1c1ea0]" name="ParallelTest1" duration-ms="3" started-at="2021-08-27T15:39:29 IST" finished-at="2021-08-27T15:39:29 IST">
          <reporter-output>
            <line>
              <![CDATA[ParallelTest_01]]>
            </line>
          </reporter-output>
        </test-method> <!-- ParallelTest1 -->
        <test-method status="PASS" signature="logoutApplication()[pri:0, instance:testngpractice.ParallelTest_01@4b1c1ea0]" name="logoutApplication" is-config="true" duration-ms="0" started-at="2021-08-27T15:39:29 IST" finished-at="2021-08-27T15:39:29 IST">
          <reporter-output>
            <line>
              <![CDATA[logout 1]]>
            </line>
          </reporter-output>
        </test-method> <!-- logoutApplication -->
        <test-method status="PASS" signature="loginApplication()[pri:0, instance:testngpractice.ParallelTest_01@4b1c1ea0]" name="loginApplication" is-config="true" duration-ms="1" started-at="2021-08-27T15:39:29 IST" finished-at="2021-08-27T15:39:29 IST">
          <reporter-output>
            <line>
              <![CDATA[login 1]]>
            </line>
          </reporter-output>
        </test-method> <!-- loginApplication -->
        <test-method status="PASS" signature="ParallelTest1()[pri:0, instance:testngpractice.ParallelTest_01@4b1c1ea0]" name="ParallelTest1" duration-ms="2" started-at="2021-08-27T15:39:29 IST" finished-at="2021-08-27T15:39:29 IST">
          <reporter-output>
            <line>
              <![CDATA[ParallelTest_01]]>
            </line>
          </reporter-output>
        </test-method> <!-- ParallelTest1 -->
        <test-method status="PASS" signature="logoutApplication()[pri:0, instance:testngpractice.ParallelTest_01@4b1c1ea0]" name="logoutApplication" is-config="true" duration-ms="1" started-at="2021-08-27T15:39:29 IST" finished-at="2021-08-27T15:39:29 IST">
          <reporter-output>
            <line>
              <![CDATA[logout 1]]>
            </line>
          </reporter-output>
        </test-method> <!-- logoutApplication -->
        <test-method status="PASS" signature="loginApplication()[pri:0, instance:testngpractice.ParallelTest_01@4b1c1ea0]" name="loginApplication" is-config="true" duration-ms="1" started-at="2021-08-27T15:39:29 IST" finished-at="2021-08-27T15:39:29 IST">
          <reporter-output>
            <line>
              <![CDATA[login 1]]>
            </line>
          </reporter-output>
        </test-method> <!-- loginApplication -->
        <test-method status="PASS" signature="ParallelTest1()[pri:0, instance:testngpractice.ParallelTest_01@4b1c1ea0]" name="ParallelTest1" duration-ms="2" started-at="2021-08-27T15:39:29 IST" finished-at="2021-08-27T15:39:29 IST">
          <reporter-output>
            <line>
              <![CDATA[ParallelTest_01]]>
            </line>
          </reporter-output>
        </test-method> <!-- ParallelTest1 -->
        <test-method status="PASS" signature="logoutApplication()[pri:0, instance:testngpractice.ParallelTest_01@4b1c1ea0]" name="logoutApplication" is-config="true" duration-ms="0" started-at="2021-08-27T15:39:29 IST" finished-at="2021-08-27T15:39:29 IST">
          <reporter-output>
            <line>
              <![CDATA[logout 1]]>
            </line>
          </reporter-output>
        </test-method> <!-- logoutApplication -->
        <test-method status="PASS" signature="loginApplication()[pri:0, instance:testngpractice.ParallelTest_01@4b1c1ea0]" name="loginApplication" is-config="true" duration-ms="1" started-at="2021-08-27T15:39:29 IST" finished-at="2021-08-27T15:39:29 IST">
          <reporter-output>
            <line>
              <![CDATA[login 1]]>
            </line>
          </reporter-output>
        </test-method> <!-- loginApplication -->
        <test-method status="PASS" signature="ParallelTest1()[pri:0, instance:testngpractice.ParallelTest_01@4b1c1ea0]" name="ParallelTest1" duration-ms="10" started-at="2021-08-27T15:39:29 IST" finished-at="2021-08-27T15:39:29 IST">
          <reporter-output>
            <line>
              <![CDATA[ParallelTest_01]]>
            </line>
          </reporter-output>
        </test-method> <!-- ParallelTest1 -->
        <test-method status="PASS" signature="logoutApplication()[pri:0, instance:testngpractice.ParallelTest_01@4b1c1ea0]" name="logoutApplication" is-config="true" duration-ms="1" started-at="2021-08-27T15:39:29 IST" finished-at="2021-08-27T15:39:29 IST">
          <reporter-output>
            <line>
              <![CDATA[logout 1]]>
            </line>
          </reporter-output>
        </test-method> <!-- logoutApplication -->
        <test-method status="PASS" signature="logoutApplication()[pri:0, instance:testngpractice.ParallelTest_01@4b1c1ea0]" name="logoutApplication" is-config="true" duration-ms="1" started-at="2021-08-27T15:39:29 IST" finished-at="2021-08-27T15:39:29 IST">
          <reporter-output>
            <line>
              <![CDATA[logout 1]]>
            </line>
          </reporter-output>
        </test-method> <!-- logoutApplication -->
        <test-method status="PASS" signature="logoutApplication()[pri:0, instance:testngpractice.ParallelTest_01@4b1c1ea0]" name="logoutApplication" is-config="true" duration-ms="0" started-at="2021-08-27T15:39:29 IST" finished-at="2021-08-27T15:39:29 IST">
          <reporter-output>
            <line>
              <![CDATA[logout 1]]>
            </line>
          </reporter-output>
        </test-method> <!-- logoutApplication -->
        <test-method status="PASS" signature="logoutApplication()[pri:0, instance:testngpractice.ParallelTest_01@4b1c1ea0]" name="logoutApplication" is-config="true" duration-ms="1" started-at="2021-08-27T15:39:29 IST" finished-at="2021-08-27T15:39:29 IST">
          <reporter-output>
            <line>
              <![CDATA[logout 1]]>
            </line>
          </reporter-output>
        </test-method> <!-- logoutApplication -->
        <test-method status="PASS" signature="logoutApplication()[pri:0, instance:testngpractice.ParallelTest_01@4b1c1ea0]" name="logoutApplication" is-config="true" duration-ms="0" started-at="2021-08-27T15:39:29 IST" finished-at="2021-08-27T15:39:29 IST">
          <reporter-output>
            <line>
              <![CDATA[logout 1]]>
            </line>
          </reporter-output>
        </test-method> <!-- logoutApplication -->
        <test-method status="PASS" signature="closeBrowser()[pri:0, instance:testngpractice.ParallelTest_01@4b1c1ea0]" name="closeBrowser" is-config="true" duration-ms="1" started-at="2021-08-27T15:39:29 IST" finished-at="2021-08-27T15:39:29 IST">
          <reporter-output>
            <line>
              <![CDATA[close browser 1]]>
            </line>
          </reporter-output>
        </test-method> <!-- closeBrowser -->
      </class> <!-- testngpractice.ParallelTest_01 -->
    </test> <!-- Default test -->
  </suite> <!-- Default suite -->
</testng-results>
